{"level":"info","message":"Server started at 5001","timestamp":"2023-12-03 02:55:07"}
{"level":"info","message":"Connected to db!","timestamp":"2023-12-03 02:55:07"}
{"level":"info","message":"Server started at 5001"}
{"level":"info","message":"Connected to db!"}
{"level":"info","message":"Server started at 5001","timestamp":"2023-12-03 02:56:26"}
{"level":"info","message":"Connected to db!","timestamp":"2023-12-03 02:56:26"}
{"level":"info","message":"Server started at 5001","timestamp":"2023-12-03 02:58:56"}
{"level":"info","message":"Connected to db!","timestamp":"2023-12-03 02:58:56"}
{"level":"info","message":"Server started at 5001","timestamp":"2023-12-03 02:59:25"}
{"level":"info","message":"Connected to db!","timestamp":"2023-12-03 02:59:25"}
{"level":"info","message":"Server started at 5001","timestamp":"2023-12-03 02:59:32"}
{"level":"info","message":"Connected to db!","timestamp":"2023-12-03 02:59:33"}
{"level":"info","message":"Server started at 5001","timestamp":"2023-12-03 03:00:11"}
{"level":"info","message":"Connected to db!","timestamp":"2023-12-03 03:00:12"}
{"level":"info","message":"Server started at 5001","timestamp":"2023-12-03 16:11:59"}
{"level":"info","message":"Connected to db!","timestamp":"2023-12-03 16:12:00"}
{"level":"info","message":"Server started at 5001","timestamp":"2023-12-03 16:12:06"}
{"level":"info","message":"Connected to db!","timestamp":"2023-12-03 16:12:06"}
{"level":"info","message":"Server started at 5001","timestamp":"2023-12-03 16:18:28"}
{"level":"info","message":"Connected to db!","timestamp":"2023-12-03 16:18:31"}
{"level":"info","message":"Server started at 5001","timestamp":"2023-12-03 16:19:01"}
{"level":"info","message":"Connected to db!","timestamp":"2023-12-03 16:19:02"}
{"level":"info","message":"Server started at 5001","timestamp":"2023-12-03 16:19:12"}
{"level":"info","message":"Connected to db!","timestamp":"2023-12-03 16:19:13"}
{"level":"info","message":"Login req for user ahmet34","timestamp":"2023-12-03 16:20:49"}
{"level":"info","message":"Login res for user ahmet34","timestamp":"2023-12-03 16:20:50"}
{"level":"info","message":"Server started at 5001","timestamp":"2023-12-03 16:22:48"}
{"level":"info","message":"Connected to db!","timestamp":"2023-12-03 16:22:50"}
{"level":"info","message":"Login req for user ahmet34","timestamp":"2023-12-03 16:23:38"}
{"level":"info","message":"Login res for user ahmet34","timestamp":"2023-12-03 16:23:38"}
{"level":"info","message":"Login req for user ahmet34","timestamp":"2023-12-03 16:25:32"}
{"level":"info","message":"Login res for user ahmet34","timestamp":"2023-12-03 16:25:32"}
{"level":"info","message":"Login req for user ahmet34","timestamp":"2023-12-03 16:41:06"}
{"level":"info","message":"Login res for user ahmet34","timestamp":"2023-12-03 16:41:06"}
{"level":"info","message":"Login req for user ahmet34","timestamp":"2023-12-03 16:51:17"}
{"level":"info","message":"Login res for user ahmet34","timestamp":"2023-12-03 16:51:18"}
{"level":"info","message":"Login req for user ","timestamp":"2023-12-03 16:57:28"}
{"level":"info","message":"Login res for user ","timestamp":"2023-12-03 16:57:28"}
{"level":"info","message":"Login req for user ","timestamp":"2023-12-03 16:57:33"}
{"level":"info","message":"Login res for user ","timestamp":"2023-12-03 16:57:33"}
{"level":"info","message":"Login req for user ","timestamp":"2023-12-03 16:57:33"}
{"level":"info","message":"Login res for user ","timestamp":"2023-12-03 16:57:33"}
{"level":"info","message":"Login req for user ","timestamp":"2023-12-03 16:57:34"}
{"level":"info","message":"Login res for user ","timestamp":"2023-12-03 16:57:34"}
{"level":"info","message":"Login req for user ahmet34","timestamp":"2023-12-03 16:58:42"}
{"level":"info","message":"Login res for user ahmet34","timestamp":"2023-12-03 16:58:42"}
{"level":"info","message":"Login req for user ","timestamp":"2023-12-03 17:15:21"}
{"level":"info","message":"Login res for user ","timestamp":"2023-12-03 17:15:21"}
{"level":"info","message":"Login req for user ","timestamp":"2023-12-03 17:23:36"}
{"level":"info","message":"Login res for user ","timestamp":"2023-12-03 17:23:36"}
{"level":"info","message":"Server started at 5001","timestamp":"2023-12-05 17:49:00"}
{"level":"info","message":"Connected to db!","timestamp":"2023-12-05 17:49:01"}
{"level":"info","message":"Login req for user undefined","timestamp":"2023-12-05 17:49:35"}
{"level":"info","message":"Login res for user undefined","timestamp":"2023-12-05 17:49:35"}
{"level":"info","message":"Server started at 5001","timestamp":"2023-12-05 17:50:57"}
{"level":"info","message":"Connected to db!","timestamp":"2023-12-05 17:50:58"}
{"level":"info","message":"Invalid req to login","timestamp":"2023-12-05 17:50:58"}
{"level":"info","message":"Server started at 5001","timestamp":"2023-12-05 17:51:25"}
{"level":"info","message":"Connected to db!","timestamp":"2023-12-05 17:51:25"}
{"level":"info","message":"Invalid req to login","timestamp":"2023-12-05 17:51:25"}
{"level":"info","message":"Login req for user ahmet34","timestamp":"2023-12-05 17:51:48"}
{"level":"info","message":"Login res for user ahmet34","timestamp":"2023-12-05 17:51:48"}
{"level":"info","message":"Server started at 5001","timestamp":"2023-12-05 17:52:00"}
{"level":"info","message":"Connected to db!","timestamp":"2023-12-05 17:52:00"}
{"level":"info","message":"Login req for user ahmet34","timestamp":"2023-12-05 17:52:01"}
{"level":"info","message":"Login res for user ahmet34","timestamp":"2023-12-05 17:52:01"}
{"level":"info","message":"Server started at 5001","timestamp":"2023-12-05 17:52:10"}
{"level":"info","message":"Connected to db!","timestamp":"2023-12-05 17:52:11"}
{"level":"info","message":"Login req for user ahmet34","timestamp":"2023-12-05 17:52:11"}
{"level":"info","message":"Login res for user ahmet34","timestamp":"2023-12-05 17:52:11"}
{"level":"info","message":"Server started at 5001","timestamp":"2023-12-05 18:02:18"}
{"level":"info","message":"Connected to db!","timestamp":"2023-12-05 18:02:19"}
{"level":"info","message":"Login req for user ahmet34","timestamp":"2023-12-05 18:02:19"}
{"level":"info","message":"Login res for user ahmet34","timestamp":"2023-12-05 18:02:19"}
{"level":"info","message":"Login req for user ahmet34","timestamp":"2023-12-05 18:02:21"}
{"level":"info","message":"Login res for user ahmet34","timestamp":"2023-12-05 18:02:21"}
{"level":"info","message":"Server started at 5001","timestamp":"2023-12-05 18:03:15"}
{"level":"info","message":"Connected to db!","timestamp":"2023-12-05 18:03:15"}
{"level":"info","message":"Server started at 5001","timestamp":"2023-12-05 18:08:01"}
{"level":"info","message":"Connected to db!","timestamp":"2023-12-05 18:08:02"}
{"level":"info","message":"Register req for user ahmet34","timestamp":"2023-12-05 18:08:37"}
{"code":11000,"index":0,"keyPattern":{"username":1},"keyValue":{"username":"ahmet34"},"level":"error","timestamp":"2023-12-05 18:08:37"}
{"level":"info","message":"Server started at 5001","timestamp":"2023-12-05 18:09:28"}
{"level":"info","message":"Connected to db!","timestamp":"2023-12-05 18:09:28"}
{"level":"info","message":"Server started at 5001","timestamp":"2023-12-05 18:11:24"}
{"level":"info","message":"Connected to db!","timestamp":"2023-12-05 18:11:25"}
{"level":"info","message":"Register req for user ahmet4","timestamp":"2023-12-05 18:11:27"}
{"level":"info","message":"Register res for user ahmet4","timestamp":"2023-12-05 18:11:27"}
{"level":"info","message":"Register req for user ahmet4","timestamp":"2023-12-05 18:11:32"}
{"code":11000,"index":0,"keyPattern":{"username":1},"keyValue":{"username":"ahmet4"},"level":"error","timestamp":"2023-12-05 18:11:32"}
{"level":"info","message":"Register req for user ahmet4","timestamp":"2023-12-05 18:11:38"}
{"code":11000,"index":0,"keyPattern":{"username":1},"keyValue":{"username":"ahmet4"},"level":"error","timestamp":"2023-12-05 18:11:38"}
{"level":"info","message":"Register req for user ahmet4","timestamp":"2023-12-05 18:11:39"}
{"code":11000,"index":0,"keyPattern":{"username":1},"keyValue":{"username":"ahmet4"},"level":"error","timestamp":"2023-12-05 18:11:39"}
{"level":"info","message":"Server started at 5001","timestamp":"2023-12-05 18:12:00"}
{"level":"info","message":"Connected to db!","timestamp":"2023-12-05 18:12:01"}
{"level":"info","message":"Register req for user ahmet4","timestamp":"2023-12-05 18:12:01"}
{"code":11000,"index":0,"keyPattern":{"username":1},"keyValue":{"username":"ahmet4"},"level":"error","timestamp":"2023-12-05 18:12:01"}
{"level":"info","message":"Server started at 5001","timestamp":"2023-12-05 18:12:24"}
{"level":"info","message":"Connected to db!","timestamp":"2023-12-05 18:12:25"}
{"level":"info","message":"Register req for user ahmet4","timestamp":"2023-12-05 18:12:25"}
{"code":11000,"index":0,"keyPattern":{"username":1},"keyValue":{"username":"ahmet4"},"level":"error","timestamp":"2023-12-05 18:12:25"}
{"level":"info","message":"Server started at 5001","timestamp":"2023-12-05 18:12:45"}
{"level":"info","message":"Connected to db!","timestamp":"2023-12-05 18:12:46"}
{"level":"info","message":"Register req for user ahmet4","timestamp":"2023-12-05 18:12:46"}
{"code":11000,"index":0,"keyPattern":{"username":1},"keyValue":{"username":"ahmet4"},"level":"error","timestamp":"2023-12-05 18:12:46"}
{"level":"info","message":"Register req for user ahmet54","timestamp":"2023-12-05 18:13:15"}
{"code":11000,"index":0,"keyPattern":{"email":1},"keyValue":{"email":"ahmet4"},"level":"error","timestamp":"2023-12-05 18:13:15"}
{"level":"info","message":"Register req for user ahmet54","timestamp":"2023-12-05 18:13:18"}
{"level":"info","message":"Register res for user ahmet54","timestamp":"2023-12-05 18:13:18"}
{"level":"info","message":"Register req for user ahmet54","timestamp":"2023-12-05 18:13:22"}
{"code":11000,"index":0,"keyPattern":{"username":1},"keyValue":{"username":"ahmet54"},"level":"error","timestamp":"2023-12-05 18:13:22"}
{"level":"info","message":"Server started at 5001","timestamp":"2023-12-05 18:14:12"}
{"level":"info","message":"Connected to db!","timestamp":"2023-12-05 18:14:12"}
